  main.cpp
e:\sync\sync\数据结构短学期\tourismmanagementsystem\tourismmanagementsystem\main.cpp(13): warning C4091: “typedef ”: 没有声明变量时忽略“LinkList”的左侧
e:\sync\sync\数据结构短学期\tourismmanagementsystem\tourismmanagementsystem\main.cpp(24): warning C4091: “typedef ”: 没有声明变量时忽略“BTNode”的左侧
e:\sync\sync\数据结构短学期\tourismmanagementsystem\tourismmanagementsystem\main.cpp(30): warning C4091: “typedef ”: 没有声明变量时忽略“stack”的左侧
e:\sync\sync\数据结构短学期\tourismmanagementsystem\tourismmanagementsystem\main.cpp(105): warning C4996: 'scanf': This function or variable may be unsafe. Consider using scanf_s instead. To disable deprecation, use _CRT_SECURE_NO_WARNINGS. See online help for details.
  c:\program files (x86)\windows kits\10\include\10.0.15063.0\ucrt\stdio.h(1272): note: 参见“scanf”的声明
e:\sync\sync\数据结构短学期\tourismmanagementsystem\tourismmanagementsystem\main.cpp(107): warning C4996: 'scanf': This function or variable may be unsafe. Consider using scanf_s instead. To disable deprecation, use _CRT_SECURE_NO_WARNINGS. See online help for details.
  c:\program files (x86)\windows kits\10\include\10.0.15063.0\ucrt\stdio.h(1272): note: 参见“scanf”的声明
e:\sync\sync\数据结构短学期\tourismmanagementsystem\tourismmanagementsystem\main.cpp(108): warning C4996: 'scanf': This function or variable may be unsafe. Consider using scanf_s instead. To disable deprecation, use _CRT_SECURE_NO_WARNINGS. See online help for details.
  c:\program files (x86)\windows kits\10\include\10.0.15063.0\ucrt\stdio.h(1272): note: 参见“scanf”的声明
e:\sync\sync\数据结构短学期\tourismmanagementsystem\tourismmanagementsystem\main.cpp(109): warning C4996: 'scanf': This function or variable may be unsafe. Consider using scanf_s instead. To disable deprecation, use _CRT_SECURE_NO_WARNINGS. See online help for details.
  c:\program files (x86)\windows kits\10\include\10.0.15063.0\ucrt\stdio.h(1272): note: 参见“scanf”的声明
e:\sync\sync\数据结构短学期\tourismmanagementsystem\tourismmanagementsystem\main.cpp(112): warning C4996: 'scanf': This function or variable may be unsafe. Consider using scanf_s instead. To disable deprecation, use _CRT_SECURE_NO_WARNINGS. See online help for details.
  c:\program files (x86)\windows kits\10\include\10.0.15063.0\ucrt\stdio.h(1272): note: 参见“scanf”的声明
e:\sync\sync\数据结构短学期\tourismmanagementsystem\tourismmanagementsystem\main.cpp(129): warning C4996: 'strcpy': This function or variable may be unsafe. Consider using strcpy_s instead. To disable deprecation, use _CRT_SECURE_NO_WARNINGS. See online help for details.
  c:\program files (x86)\windows kits\10\include\10.0.15063.0\ucrt\string.h(136): note: 参见“strcpy”的声明
e:\sync\sync\数据结构短学期\tourismmanagementsystem\tourismmanagementsystem\main.cpp(130): warning C4996: 'strcpy': This function or variable may be unsafe. Consider using strcpy_s instead. To disable deprecation, use _CRT_SECURE_NO_WARNINGS. See online help for details.
  c:\program files (x86)\windows kits\10\include\10.0.15063.0\ucrt\string.h(136): note: 参见“strcpy”的声明
e:\sync\sync\数据结构短学期\tourismmanagementsystem\tourismmanagementsystem\main.cpp(262): warning C4101: “q”: 未引用的局部变量
e:\sync\sync\数据结构短学期\tourismmanagementsystem\tourismmanagementsystem\main.cpp(294): warning C4996: 'strcpy': This function or variable may be unsafe. Consider using strcpy_s instead. To disable deprecation, use _CRT_SECURE_NO_WARNINGS. See online help for details.
  c:\program files (x86)\windows kits\10\include\10.0.15063.0\ucrt\string.h(136): note: 参见“strcpy”的声明
e:\sync\sync\数据结构短学期\tourismmanagementsystem\tourismmanagementsystem\main.cpp(295): warning C4996: 'strcpy': This function or variable may be unsafe. Consider using strcpy_s instead. To disable deprecation, use _CRT_SECURE_NO_WARNINGS. See online help for details.
  c:\program files (x86)\windows kits\10\include\10.0.15063.0\ucrt\string.h(136): note: 参见“strcpy”的声明
e:\sync\sync\数据结构短学期\tourismmanagementsystem\tourismmanagementsystem\main.cpp(405): warning C4996: 'scanf': This function or variable may be unsafe. Consider using scanf_s instead. To disable deprecation, use _CRT_SECURE_NO_WARNINGS. See online help for details.
  c:\program files (x86)\windows kits\10\include\10.0.15063.0\ucrt\stdio.h(1272): note: 参见“scanf”的声明
e:\sync\sync\数据结构短学期\tourismmanagementsystem\tourismmanagementsystem\main.cpp(409): warning C4996: 'scanf': This function or variable may be unsafe. Consider using scanf_s instead. To disable deprecation, use _CRT_SECURE_NO_WARNINGS. See online help for details.
  c:\program files (x86)\windows kits\10\include\10.0.15063.0\ucrt\stdio.h(1272): note: 参见“scanf”的声明
e:\sync\sync\数据结构短学期\tourismmanagementsystem\tourismmanagementsystem\main.cpp(410): warning C4996: 'scanf': This function or variable may be unsafe. Consider using scanf_s instead. To disable deprecation, use _CRT_SECURE_NO_WARNINGS. See online help for details.
  c:\program files (x86)\windows kits\10\include\10.0.15063.0\ucrt\stdio.h(1272): note: 参见“scanf”的声明
e:\sync\sync\数据结构短学期\tourismmanagementsystem\tourismmanagementsystem\main.cpp(411): warning C4996: 'scanf': This function or variable may be unsafe. Consider using scanf_s instead. To disable deprecation, use _CRT_SECURE_NO_WARNINGS. See online help for details.
  c:\program files (x86)\windows kits\10\include\10.0.15063.0\ucrt\stdio.h(1272): note: 参见“scanf”的声明
e:\sync\sync\数据结构短学期\tourismmanagementsystem\tourismmanagementsystem\main.cpp(424): warning C4996: 'scanf': This function or variable may be unsafe. Consider using scanf_s instead. To disable deprecation, use _CRT_SECURE_NO_WARNINGS. See online help for details.
  c:\program files (x86)\windows kits\10\include\10.0.15063.0\ucrt\stdio.h(1272): note: 参见“scanf”的声明
e:\sync\sync\数据结构短学期\tourismmanagementsystem\tourismmanagementsystem\main.cpp(445): warning C4996: 'scanf': This function or variable may be unsafe. Consider using scanf_s instead. To disable deprecation, use _CRT_SECURE_NO_WARNINGS. See online help for details.
  c:\program files (x86)\windows kits\10\include\10.0.15063.0\ucrt\stdio.h(1272): note: 参见“scanf”的声明
e:\sync\sync\数据结构短学期\tourismmanagementsystem\tourismmanagementsystem\main.cpp(454): warning C4996: 'scanf': This function or variable may be unsafe. Consider using scanf_s instead. To disable deprecation, use _CRT_SECURE_NO_WARNINGS. See online help for details.
  c:\program files (x86)\windows kits\10\include\10.0.15063.0\ucrt\stdio.h(1272): note: 参见“scanf”的声明
e:\sync\sync\数据结构短学期\tourismmanagementsystem\tourismmanagementsystem\main.cpp(456): warning C4996: 'scanf': This function or variable may be unsafe. Consider using scanf_s instead. To disable deprecation, use _CRT_SECURE_NO_WARNINGS. See online help for details.
  c:\program files (x86)\windows kits\10\include\10.0.15063.0\ucrt\stdio.h(1272): note: 参见“scanf”的声明
e:\sync\sync\数据结构短学期\tourismmanagementsystem\tourismmanagementsystem\main.cpp(458): warning C4996: 'scanf': This function or variable may be unsafe. Consider using scanf_s instead. To disable deprecation, use _CRT_SECURE_NO_WARNINGS. See online help for details.
  c:\program files (x86)\windows kits\10\include\10.0.15063.0\ucrt\stdio.h(1272): note: 参见“scanf”的声明
e:\sync\sync\数据结构短学期\tourismmanagementsystem\tourismmanagementsystem\main.cpp(460): warning C4996: 'scanf': This function or variable may be unsafe. Consider using scanf_s instead. To disable deprecation, use _CRT_SECURE_NO_WARNINGS. See online help for details.
  c:\program files (x86)\windows kits\10\include\10.0.15063.0\ucrt\stdio.h(1272): note: 参见“scanf”的声明
e:\sync\sync\数据结构短学期\tourismmanagementsystem\tourismmanagementsystem\main.cpp(466): warning C4996: 'strcpy': This function or variable may be unsafe. Consider using strcpy_s instead. To disable deprecation, use _CRT_SECURE_NO_WARNINGS. See online help for details.
  c:\program files (x86)\windows kits\10\include\10.0.15063.0\ucrt\string.h(136): note: 参见“strcpy”的声明
e:\sync\sync\数据结构短学期\tourismmanagementsystem\tourismmanagementsystem\main.cpp(467): warning C4996: 'strcpy': This function or variable may be unsafe. Consider using strcpy_s instead. To disable deprecation, use _CRT_SECURE_NO_WARNINGS. See online help for details.
  c:\program files (x86)\windows kits\10\include\10.0.15063.0\ucrt\string.h(136): note: 参见“strcpy”的声明
e:\sync\sync\数据结构短学期\tourismmanagementsystem\tourismmanagementsystem\main.cpp(478): warning C4996: 'scanf': This function or variable may be unsafe. Consider using scanf_s instead. To disable deprecation, use _CRT_SECURE_NO_WARNINGS. See online help for details.
  c:\program files (x86)\windows kits\10\include\10.0.15063.0\ucrt\stdio.h(1272): note: 参见“scanf”的声明
e:\sync\sync\数据结构短学期\tourismmanagementsystem\tourismmanagementsystem\main.cpp(527): warning C4996: 'strcpy': This function or variable may be unsafe. Consider using strcpy_s instead. To disable deprecation, use _CRT_SECURE_NO_WARNINGS. See online help for details.
  c:\program files (x86)\windows kits\10\include\10.0.15063.0\ucrt\string.h(136): note: 参见“strcpy”的声明
e:\sync\sync\数据结构短学期\tourismmanagementsystem\tourismmanagementsystem\main.cpp(538): warning C4996: 'strcpy': This function or variable may be unsafe. Consider using strcpy_s instead. To disable deprecation, use _CRT_SECURE_NO_WARNINGS. See online help for details.
  c:\program files (x86)\windows kits\10\include\10.0.15063.0\ucrt\string.h(136): note: 参见“strcpy”的声明
e:\sync\sync\数据结构短学期\tourismmanagementsystem\tourismmanagementsystem\main.cpp(546): warning C4996: 'strcpy': This function or variable may be unsafe. Consider using strcpy_s instead. To disable deprecation, use _CRT_SECURE_NO_WARNINGS. See online help for details.
  c:\program files (x86)\windows kits\10\include\10.0.15063.0\ucrt\string.h(136): note: 参见“strcpy”的声明
e:\sync\sync\数据结构短学期\tourismmanagementsystem\tourismmanagementsystem\main.cpp(554): warning C4996: 'strcpy': This function or variable may be unsafe. Consider using strcpy_s instead. To disable deprecation, use _CRT_SECURE_NO_WARNINGS. See online help for details.
  c:\program files (x86)\windows kits\10\include\10.0.15063.0\ucrt\string.h(136): note: 参见“strcpy”的声明
e:\sync\sync\数据结构短学期\tourismmanagementsystem\tourismmanagementsystem\main.cpp(565): warning C4101: “i”: 未引用的局部变量
e:\sync\sync\数据结构短学期\tourismmanagementsystem\tourismmanagementsystem\main.cpp(602): warning C4996: 'scanf': This function or variable may be unsafe. Consider using scanf_s instead. To disable deprecation, use _CRT_SECURE_NO_WARNINGS. See online help for details.
  c:\program files (x86)\windows kits\10\include\10.0.15063.0\ucrt\stdio.h(1272): note: 参见“scanf”的声明
e:\sync\sync\数据结构短学期\tourismmanagementsystem\tourismmanagementsystem\main.cpp(616): warning C4996: 'scanf': This function or variable may be unsafe. Consider using scanf_s instead. To disable deprecation, use _CRT_SECURE_NO_WARNINGS. See online help for details.
  c:\program files (x86)\windows kits\10\include\10.0.15063.0\ucrt\stdio.h(1272): note: 参见“scanf”的声明
e:\sync\sync\数据结构短学期\tourismmanagementsystem\tourismmanagementsystem\main.cpp(635): warning C4996: 'scanf': This function or variable may be unsafe. Consider using scanf_s instead. To disable deprecation, use _CRT_SECURE_NO_WARNINGS. See online help for details.
  c:\program files (x86)\windows kits\10\include\10.0.15063.0\ucrt\stdio.h(1272): note: 参见“scanf”的声明
e:\sync\sync\数据结构短学期\tourismmanagementsystem\tourismmanagementsystem\main.cpp(645): warning C4996: 'scanf': This function or variable may be unsafe. Consider using scanf_s instead. To disable deprecation, use _CRT_SECURE_NO_WARNINGS. See online help for details.
  c:\program files (x86)\windows kits\10\include\10.0.15063.0\ucrt\stdio.h(1272): note: 参见“scanf”的声明
e:\sync\sync\数据结构短学期\tourismmanagementsystem\tourismmanagementsystem\main.cpp(649): warning C4996: 'scanf': This function or variable may be unsafe. Consider using scanf_s instead. To disable deprecation, use _CRT_SECURE_NO_WARNINGS. See online help for details.
  c:\program files (x86)\windows kits\10\include\10.0.15063.0\ucrt\stdio.h(1272): note: 参见“scanf”的声明
e:\sync\sync\数据结构短学期\tourismmanagementsystem\tourismmanagementsystem\main.cpp(658): warning C4996: 'scanf': This function or variable may be unsafe. Consider using scanf_s instead. To disable deprecation, use _CRT_SECURE_NO_WARNINGS. See online help for details.
  c:\program files (x86)\windows kits\10\include\10.0.15063.0\ucrt\stdio.h(1272): note: 参见“scanf”的声明
e:\sync\sync\数据结构短学期\tourismmanagementsystem\tourismmanagementsystem\main.cpp(676): warning C4996: 'scanf': This function or variable may be unsafe. Consider using scanf_s instead. To disable deprecation, use _CRT_SECURE_NO_WARNINGS. See online help for details.
  c:\program files (x86)\windows kits\10\include\10.0.15063.0\ucrt\stdio.h(1272): note: 参见“scanf”的声明
e:\sync\sync\数据结构短学期\tourismmanagementsystem\tourismmanagementsystem\main.cpp(684): warning C4996: 'scanf': This function or variable may be unsafe. Consider using scanf_s instead. To disable deprecation, use _CRT_SECURE_NO_WARNINGS. See online help for details.
  c:\program files (x86)\windows kits\10\include\10.0.15063.0\ucrt\stdio.h(1272): note: 参见“scanf”的声明
e:\sync\sync\数据结构短学期\tourismmanagementsystem\tourismmanagementsystem\main.cpp(703): warning C4838: 从“int”转换到“SHORT”需要收缩转换
e:\sync\sync\数据结构短学期\tourismmanagementsystem\tourismmanagementsystem\main.cpp(717): warning C4996: 'scanf': This function or variable may be unsafe. Consider using scanf_s instead. To disable deprecation, use _CRT_SECURE_NO_WARNINGS. See online help for details.
  c:\program files (x86)\windows kits\10\include\10.0.15063.0\ucrt\stdio.h(1272): note: 参见“scanf”的声明
e:\sync\sync\数据结构短学期\tourismmanagementsystem\tourismmanagementsystem\main.cpp(737): warning C4996: 'scanf': This function or variable may be unsafe. Consider using scanf_s instead. To disable deprecation, use _CRT_SECURE_NO_WARNINGS. See online help for details.
  c:\program files (x86)\windows kits\10\include\10.0.15063.0\ucrt\stdio.h(1272): note: 参见“scanf”的声明
e:\sync\sync\数据结构短学期\tourismmanagementsystem\tourismmanagementsystem\main.cpp(739): warning C4996: 'scanf': This function or variable may be unsafe. Consider using scanf_s instead. To disable deprecation, use _CRT_SECURE_NO_WARNINGS. See online help for details.
  c:\program files (x86)\windows kits\10\include\10.0.15063.0\ucrt\stdio.h(1272): note: 参见“scanf”的声明
e:\sync\sync\数据结构短学期\tourismmanagementsystem\tourismmanagementsystem\main.cpp(774): warning C4996: 'scanf': This function or variable may be unsafe. Consider using scanf_s instead. To disable deprecation, use _CRT_SECURE_NO_WARNINGS. See online help for details.
  c:\program files (x86)\windows kits\10\include\10.0.15063.0\ucrt\stdio.h(1272): note: 参见“scanf”的声明
e:\sync\sync\数据结构短学期\tourismmanagementsystem\tourismmanagementsystem\main.cpp(838): warning C4996: 'scanf': This function or variable may be unsafe. Consider using scanf_s instead. To disable deprecation, use _CRT_SECURE_NO_WARNINGS. See online help for details.
  c:\program files (x86)\windows kits\10\include\10.0.15063.0\ucrt\stdio.h(1272): note: 参见“scanf”的声明
  TourismManagementSystem.vcxproj -> E:\Sync\Sync\数据结构短学期\TourismManagementSystem\x64\Debug\TourismManagementSystem.exe
  TourismManagementSystem.vcxproj -> E:\Sync\Sync\数据结构短学期\TourismManagementSystem\x64\Debug\TourismManagementSystem.pdb (Partial PDB)
