  main.cpp
e:\sync\sync\数据结构短学期\tourismmanagementsystem\tourismmanagementsystem\main.cpp(15): warning C4091: “typedef ”: 没有声明变量时忽略“LinkList”的左侧
e:\sync\sync\数据结构短学期\tourismmanagementsystem\tourismmanagementsystem\main.cpp(26): warning C4091: “typedef ”: 没有声明变量时忽略“BTNode”的左侧
e:\sync\sync\数据结构短学期\tourismmanagementsystem\tourismmanagementsystem\main.cpp(32): warning C4091: “typedef ”: 没有声明变量时忽略“stack”的左侧
e:\sync\sync\数据结构短学期\tourismmanagementsystem\tourismmanagementsystem\main.cpp(83): warning C4996: 'scanf': This function or variable may be unsafe. Consider using scanf_s instead. To disable deprecation, use _CRT_SECURE_NO_WARNINGS. See online help for details.
  c:\program files (x86)\windows kits\10\include\10.0.15063.0\ucrt\stdio.h(1272): note: 参见“scanf”的声明
e:\sync\sync\数据结构短学期\tourismmanagementsystem\tourismmanagementsystem\main.cpp(85): warning C4996: 'scanf': This function or variable may be unsafe. Consider using scanf_s instead. To disable deprecation, use _CRT_SECURE_NO_WARNINGS. See online help for details.
  c:\program files (x86)\windows kits\10\include\10.0.15063.0\ucrt\stdio.h(1272): note: 参见“scanf”的声明
e:\sync\sync\数据结构短学期\tourismmanagementsystem\tourismmanagementsystem\main.cpp(86): warning C4996: 'scanf': This function or variable may be unsafe. Consider using scanf_s instead. To disable deprecation, use _CRT_SECURE_NO_WARNINGS. See online help for details.
  c:\program files (x86)\windows kits\10\include\10.0.15063.0\ucrt\stdio.h(1272): note: 参见“scanf”的声明
e:\sync\sync\数据结构短学期\tourismmanagementsystem\tourismmanagementsystem\main.cpp(87): warning C4996: 'scanf': This function or variable may be unsafe. Consider using scanf_s instead. To disable deprecation, use _CRT_SECURE_NO_WARNINGS. See online help for details.
  c:\program files (x86)\windows kits\10\include\10.0.15063.0\ucrt\stdio.h(1272): note: 参见“scanf”的声明
e:\sync\sync\数据结构短学期\tourismmanagementsystem\tourismmanagementsystem\main.cpp(90): warning C4996: 'scanf': This function or variable may be unsafe. Consider using scanf_s instead. To disable deprecation, use _CRT_SECURE_NO_WARNINGS. See online help for details.
  c:\program files (x86)\windows kits\10\include\10.0.15063.0\ucrt\stdio.h(1272): note: 参见“scanf”的声明
e:\sync\sync\数据结构短学期\tourismmanagementsystem\tourismmanagementsystem\main.cpp(106): warning C4996: 'strcpy': This function or variable may be unsafe. Consider using strcpy_s instead. To disable deprecation, use _CRT_SECURE_NO_WARNINGS. See online help for details.
  c:\program files (x86)\windows kits\10\include\10.0.15063.0\ucrt\string.h(136): note: 参见“strcpy”的声明
e:\sync\sync\数据结构短学期\tourismmanagementsystem\tourismmanagementsystem\main.cpp(107): warning C4996: 'strcpy': This function or variable may be unsafe. Consider using strcpy_s instead. To disable deprecation, use _CRT_SECURE_NO_WARNINGS. See online help for details.
  c:\program files (x86)\windows kits\10\include\10.0.15063.0\ucrt\string.h(136): note: 参见“strcpy”的声明
e:\sync\sync\数据结构短学期\tourismmanagementsystem\tourismmanagementsystem\main.cpp(240): warning C4101: “q”: 未引用的局部变量
e:\sync\sync\数据结构短学期\tourismmanagementsystem\tourismmanagementsystem\main.cpp(272): warning C4996: 'strcpy': This function or variable may be unsafe. Consider using strcpy_s instead. To disable deprecation, use _CRT_SECURE_NO_WARNINGS. See online help for details.
  c:\program files (x86)\windows kits\10\include\10.0.15063.0\ucrt\string.h(136): note: 参见“strcpy”的声明
e:\sync\sync\数据结构短学期\tourismmanagementsystem\tourismmanagementsystem\main.cpp(273): warning C4996: 'strcpy': This function or variable may be unsafe. Consider using strcpy_s instead. To disable deprecation, use _CRT_SECURE_NO_WARNINGS. See online help for details.
  c:\program files (x86)\windows kits\10\include\10.0.15063.0\ucrt\string.h(136): note: 参见“strcpy”的声明
e:\sync\sync\数据结构短学期\tourismmanagementsystem\tourismmanagementsystem\main.cpp(386): warning C4996: 'scanf': This function or variable may be unsafe. Consider using scanf_s instead. To disable deprecation, use _CRT_SECURE_NO_WARNINGS. See online help for details.
  c:\program files (x86)\windows kits\10\include\10.0.15063.0\ucrt\stdio.h(1272): note: 参见“scanf”的声明
e:\sync\sync\数据结构短学期\tourismmanagementsystem\tourismmanagementsystem\main.cpp(390): warning C4996: 'scanf': This function or variable may be unsafe. Consider using scanf_s instead. To disable deprecation, use _CRT_SECURE_NO_WARNINGS. See online help for details.
  c:\program files (x86)\windows kits\10\include\10.0.15063.0\ucrt\stdio.h(1272): note: 参见“scanf”的声明
e:\sync\sync\数据结构短学期\tourismmanagementsystem\tourismmanagementsystem\main.cpp(391): warning C4996: 'scanf': This function or variable may be unsafe. Consider using scanf_s instead. To disable deprecation, use _CRT_SECURE_NO_WARNINGS. See online help for details.
  c:\program files (x86)\windows kits\10\include\10.0.15063.0\ucrt\stdio.h(1272): note: 参见“scanf”的声明
e:\sync\sync\数据结构短学期\tourismmanagementsystem\tourismmanagementsystem\main.cpp(392): warning C4996: 'scanf': This function or variable may be unsafe. Consider using scanf_s instead. To disable deprecation, use _CRT_SECURE_NO_WARNINGS. See online help for details.
  c:\program files (x86)\windows kits\10\include\10.0.15063.0\ucrt\stdio.h(1272): note: 参见“scanf”的声明
e:\sync\sync\数据结构短学期\tourismmanagementsystem\tourismmanagementsystem\main.cpp(403): warning C4996: 'scanf': This function or variable may be unsafe. Consider using scanf_s instead. To disable deprecation, use _CRT_SECURE_NO_WARNINGS. See online help for details.
  c:\program files (x86)\windows kits\10\include\10.0.15063.0\ucrt\stdio.h(1272): note: 参见“scanf”的声明
e:\sync\sync\数据结构短学期\tourismmanagementsystem\tourismmanagementsystem\main.cpp(421): warning C4996: 'scanf': This function or variable may be unsafe. Consider using scanf_s instead. To disable deprecation, use _CRT_SECURE_NO_WARNINGS. See online help for details.
  c:\program files (x86)\windows kits\10\include\10.0.15063.0\ucrt\stdio.h(1272): note: 参见“scanf”的声明
e:\sync\sync\数据结构短学期\tourismmanagementsystem\tourismmanagementsystem\main.cpp(430): warning C4996: 'scanf': This function or variable may be unsafe. Consider using scanf_s instead. To disable deprecation, use _CRT_SECURE_NO_WARNINGS. See online help for details.
  c:\program files (x86)\windows kits\10\include\10.0.15063.0\ucrt\stdio.h(1272): note: 参见“scanf”的声明
e:\sync\sync\数据结构短学期\tourismmanagementsystem\tourismmanagementsystem\main.cpp(432): warning C4996: 'scanf': This function or variable may be unsafe. Consider using scanf_s instead. To disable deprecation, use _CRT_SECURE_NO_WARNINGS. See online help for details.
  c:\program files (x86)\windows kits\10\include\10.0.15063.0\ucrt\stdio.h(1272): note: 参见“scanf”的声明
e:\sync\sync\数据结构短学期\tourismmanagementsystem\tourismmanagementsystem\main.cpp(434): warning C4996: 'scanf': This function or variable may be unsafe. Consider using scanf_s instead. To disable deprecation, use _CRT_SECURE_NO_WARNINGS. See online help for details.
  c:\program files (x86)\windows kits\10\include\10.0.15063.0\ucrt\stdio.h(1272): note: 参见“scanf”的声明
e:\sync\sync\数据结构短学期\tourismmanagementsystem\tourismmanagementsystem\main.cpp(436): warning C4996: 'scanf': This function or variable may be unsafe. Consider using scanf_s instead. To disable deprecation, use _CRT_SECURE_NO_WARNINGS. See online help for details.
  c:\program files (x86)\windows kits\10\include\10.0.15063.0\ucrt\stdio.h(1272): note: 参见“scanf”的声明
e:\sync\sync\数据结构短学期\tourismmanagementsystem\tourismmanagementsystem\main.cpp(442): warning C4996: 'strcpy': This function or variable may be unsafe. Consider using strcpy_s instead. To disable deprecation, use _CRT_SECURE_NO_WARNINGS. See online help for details.
  c:\program files (x86)\windows kits\10\include\10.0.15063.0\ucrt\string.h(136): note: 参见“strcpy”的声明
e:\sync\sync\数据结构短学期\tourismmanagementsystem\tourismmanagementsystem\main.cpp(443): warning C4996: 'strcpy': This function or variable may be unsafe. Consider using strcpy_s instead. To disable deprecation, use _CRT_SECURE_NO_WARNINGS. See online help for details.
  c:\program files (x86)\windows kits\10\include\10.0.15063.0\ucrt\string.h(136): note: 参见“strcpy”的声明
e:\sync\sync\数据结构短学期\tourismmanagementsystem\tourismmanagementsystem\main.cpp(453): warning C4996: 'scanf': This function or variable may be unsafe. Consider using scanf_s instead. To disable deprecation, use _CRT_SECURE_NO_WARNINGS. See online help for details.
  c:\program files (x86)\windows kits\10\include\10.0.15063.0\ucrt\stdio.h(1272): note: 参见“scanf”的声明
e:\sync\sync\数据结构短学期\tourismmanagementsystem\tourismmanagementsystem\main.cpp(495): warning C4996: 'strcpy': This function or variable may be unsafe. Consider using strcpy_s instead. To disable deprecation, use _CRT_SECURE_NO_WARNINGS. See online help for details.
  c:\program files (x86)\windows kits\10\include\10.0.15063.0\ucrt\string.h(136): note: 参见“strcpy”的声明
e:\sync\sync\数据结构短学期\tourismmanagementsystem\tourismmanagementsystem\main.cpp(506): warning C4996: 'strcpy': This function or variable may be unsafe. Consider using strcpy_s instead. To disable deprecation, use _CRT_SECURE_NO_WARNINGS. See online help for details.
  c:\program files (x86)\windows kits\10\include\10.0.15063.0\ucrt\string.h(136): note: 参见“strcpy”的声明
e:\sync\sync\数据结构短学期\tourismmanagementsystem\tourismmanagementsystem\main.cpp(514): warning C4996: 'strcpy': This function or variable may be unsafe. Consider using strcpy_s instead. To disable deprecation, use _CRT_SECURE_NO_WARNINGS. See online help for details.
  c:\program files (x86)\windows kits\10\include\10.0.15063.0\ucrt\string.h(136): note: 参见“strcpy”的声明
e:\sync\sync\数据结构短学期\tourismmanagementsystem\tourismmanagementsystem\main.cpp(522): warning C4996: 'strcpy': This function or variable may be unsafe. Consider using strcpy_s instead. To disable deprecation, use _CRT_SECURE_NO_WARNINGS. See online help for details.
  c:\program files (x86)\windows kits\10\include\10.0.15063.0\ucrt\string.h(136): note: 参见“strcpy”的声明
e:\sync\sync\数据结构短学期\tourismmanagementsystem\tourismmanagementsystem\main.cpp(533): warning C4101: “i”: 未引用的局部变量
e:\sync\sync\数据结构短学期\tourismmanagementsystem\tourismmanagementsystem\main.cpp(557): warning C4996: 'scanf': This function or variable may be unsafe. Consider using scanf_s instead. To disable deprecation, use _CRT_SECURE_NO_WARNINGS. See online help for details.
  c:\program files (x86)\windows kits\10\include\10.0.15063.0\ucrt\stdio.h(1272): note: 参见“scanf”的声明
e:\sync\sync\数据结构短学期\tourismmanagementsystem\tourismmanagementsystem\main.cpp(568): warning C4996: 'scanf': This function or variable may be unsafe. Consider using scanf_s instead. To disable deprecation, use _CRT_SECURE_NO_WARNINGS. See online help for details.
  c:\program files (x86)\windows kits\10\include\10.0.15063.0\ucrt\stdio.h(1272): note: 参见“scanf”的声明
e:\sync\sync\数据结构短学期\tourismmanagementsystem\tourismmanagementsystem\main.cpp(570): warning C4996: 'scanf': This function or variable may be unsafe. Consider using scanf_s instead. To disable deprecation, use _CRT_SECURE_NO_WARNINGS. See online help for details.
  c:\program files (x86)\windows kits\10\include\10.0.15063.0\ucrt\stdio.h(1272): note: 参见“scanf”的声明
e:\sync\sync\数据结构短学期\tourismmanagementsystem\tourismmanagementsystem\main.cpp(579): warning C4996: 'scanf': This function or variable may be unsafe. Consider using scanf_s instead. To disable deprecation, use _CRT_SECURE_NO_WARNINGS. See online help for details.
  c:\program files (x86)\windows kits\10\include\10.0.15063.0\ucrt\stdio.h(1272): note: 参见“scanf”的声明
e:\sync\sync\数据结构短学期\tourismmanagementsystem\tourismmanagementsystem\main.cpp(587): warning C4996: 'scanf': This function or variable may be unsafe. Consider using scanf_s instead. To disable deprecation, use _CRT_SECURE_NO_WARNINGS. See online help for details.
  c:\program files (x86)\windows kits\10\include\10.0.15063.0\ucrt\stdio.h(1272): note: 参见“scanf”的声明
e:\sync\sync\数据结构短学期\tourismmanagementsystem\tourismmanagementsystem\main.cpp(597): warning C4996: 'scanf': This function or variable may be unsafe. Consider using scanf_s instead. To disable deprecation, use _CRT_SECURE_NO_WARNINGS. See online help for details.
  c:\program files (x86)\windows kits\10\include\10.0.15063.0\ucrt\stdio.h(1272): note: 参见“scanf”的声明
e:\sync\sync\数据结构短学期\tourismmanagementsystem\tourismmanagementsystem\main.cpp(605): warning C4996: 'scanf': This function or variable may be unsafe. Consider using scanf_s instead. To disable deprecation, use _CRT_SECURE_NO_WARNINGS. See online help for details.
  c:\program files (x86)\windows kits\10\include\10.0.15063.0\ucrt\stdio.h(1272): note: 参见“scanf”的声明
e:\sync\sync\数据结构短学期\tourismmanagementsystem\tourismmanagementsystem\main.cpp(624): warning C4838: 从“int”转换到“SHORT”需要收缩转换
e:\sync\sync\数据结构短学期\tourismmanagementsystem\tourismmanagementsystem\main.cpp(638): warning C4996: 'scanf': This function or variable may be unsafe. Consider using scanf_s instead. To disable deprecation, use _CRT_SECURE_NO_WARNINGS. See online help for details.
  c:\program files (x86)\windows kits\10\include\10.0.15063.0\ucrt\stdio.h(1272): note: 参见“scanf”的声明
e:\sync\sync\数据结构短学期\tourismmanagementsystem\tourismmanagementsystem\main.cpp(658): warning C4996: 'scanf': This function or variable may be unsafe. Consider using scanf_s instead. To disable deprecation, use _CRT_SECURE_NO_WARNINGS. See online help for details.
  c:\program files (x86)\windows kits\10\include\10.0.15063.0\ucrt\stdio.h(1272): note: 参见“scanf”的声明
e:\sync\sync\数据结构短学期\tourismmanagementsystem\tourismmanagementsystem\main.cpp(660): warning C4996: 'scanf': This function or variable may be unsafe. Consider using scanf_s instead. To disable deprecation, use _CRT_SECURE_NO_WARNINGS. See online help for details.
  c:\program files (x86)\windows kits\10\include\10.0.15063.0\ucrt\stdio.h(1272): note: 参见“scanf”的声明
e:\sync\sync\数据结构短学期\tourismmanagementsystem\tourismmanagementsystem\main.cpp(681): warning C4996: 'scanf': This function or variable may be unsafe. Consider using scanf_s instead. To disable deprecation, use _CRT_SECURE_NO_WARNINGS. See online help for details.
  c:\program files (x86)\windows kits\10\include\10.0.15063.0\ucrt\stdio.h(1272): note: 参见“scanf”的声明
e:\sync\sync\数据结构短学期\tourismmanagementsystem\tourismmanagementsystem\main.cpp(730): warning C4996: 'scanf': This function or variable may be unsafe. Consider using scanf_s instead. To disable deprecation, use _CRT_SECURE_NO_WARNINGS. See online help for details.
  c:\program files (x86)\windows kits\10\include\10.0.15063.0\ucrt\stdio.h(1272): note: 参见“scanf”的声明
  TourismManagementSystem.vcxproj -> E:\Sync\Sync\数据结构短学期\TourismManagementSystem\Debug\TourismManagementSystem.exe
  TourismManagementSystem.vcxproj -> E:\Sync\Sync\数据结构短学期\TourismManagementSystem\Debug\TourismManagementSystem.pdb (Partial PDB)
